<?xml version="1.0" encoding="UTF-8"?>
<testng-results skipped="0" failed="0" ignored="0" total="1" passed="1">
  <reporter-output>
  </reporter-output>
  <suite name="Suite" duration-ms="8762" started-at="2020-01-06T17:32:59 IST" finished-at="2020-01-06T17:33:07 IST">
    <groups>
    </groups>
    <test name="Test" duration-ms="8762" started-at="2020-01-06T17:32:59 IST" finished-at="2020-01-06T17:33:07 IST">
      <class name="Tutorials.LaunchBrowsers">
        <test-method status="PASS" signature="getBroswerAndLaunch()[pri:0, instance:Tutorials.LaunchBrowsers@5bc79255]" name="getBroswerAndLaunch" duration-ms="8707" started-at="2020-01-06T17:32:59 IST" finished-at="2020-01-06T17:33:07 IST">
          <reporter-output>
          </reporter-output>
        </test-method> <!-- getBroswerAndLaunch -->
      </class> <!-- Tutorials.LaunchBrowsers -->
    </test> <!-- Test -->
  </suite> <!-- Suite -->
</testng-results>
